{"/home/yriidanilov/test/src/bascket.js": {"path":"/home/yriidanilov/test/src/bascket.js","statementMap":{"0":{"start":{"line":4,"column":4},"end":{"line":4,"column":20}},"1":{"start":{"line":8,"column":4},"end":{"line":8,"column":30}},"2":{"start":{"line":12,"column":4},"end":{"line":12,"column":35}},"3":{"start":{"line":16,"column":4},"end":{"line":16,"column":22}},"4":{"start":{"line":20,"column":21},"end":{"line":20,"column":22}},"5":{"start":{"line":21,"column":4},"end":{"line":23,"column":5}},"6":{"start":{"line":22,"column":6},"end":{"line":22,"column":50}},"7":{"start":{"line":24,"column":4},"end":{"line":24,"column":22}},"8":{"start":{"line":28,"column":21},"end":{"line":28,"column":22}},"9":{"start":{"line":29,"column":4},"end":{"line":31,"column":5}},"10":{"start":{"line":30,"column":6},"end":{"line":30,"column":31}},"11":{"start":{"line":32,"column":4},"end":{"line":32,"column":22}}},"fnMap":{"0":{"name":"(anonymous_0)","decl":{"start":{"line":3,"column":2},"end":{"line":3,"column":3}},"loc":{"start":{"line":3,"column":16},"end":{"line":5,"column":3}},"line":3},"1":{"name":"(anonymous_1)","decl":{"start":{"line":7,"column":2},"end":{"line":7,"column":3}},"loc":{"start":{"line":7,"column":13},"end":{"line":9,"column":3}},"line":7},"2":{"name":"(anonymous_2)","decl":{"start":{"line":11,"column":2},"end":{"line":11,"column":3}},"loc":{"start":{"line":11,"column":24},"end":{"line":13,"column":3}},"line":11},"3":{"name":"(anonymous_3)","decl":{"start":{"line":15,"column":2},"end":{"line":15,"column":3}},"loc":{"start":{"line":15,"column":13},"end":{"line":17,"column":3}},"line":15},"4":{"name":"(anonymous_4)","decl":{"start":{"line":19,"column":2},"end":{"line":19,"column":3}},"loc":{"start":{"line":19,"column":12},"end":{"line":25,"column":3}},"line":19},"5":{"name":"(anonymous_5)","decl":{"start":{"line":27,"column":2},"end":{"line":27,"column":3}},"loc":{"start":{"line":27,"column":13},"end":{"line":33,"column":3}},"line":27}},"branchMap":{},"s":{"0":7,"1":1,"2":10,"3":3,"4":3,"5":3,"6":7,"7":3,"8":2,"9":2,"10":4,"11":2},"f":{"0":7,"1":1,"2":10,"3":3,"4":3,"5":2},"b":{},"_coverageSchema":"1a1c01bbd47fc00a2c39e90264f33305004495a9","hash":"82789b7b5bf9415bca84246bc665b7b742cf04cd"}
,"/home/yriidanilov/test/src/fill.js": {"path":"/home/yriidanilov/test/src/fill.js","statementMap":{"0":{"start":{"line":1,"column":20},"end":{"line":12,"column":1}},"1":{"start":{"line":2,"column":4},"end":{"line":10,"column":5}},"2":{"start":{"line":2,"column":17},"end":{"line":2,"column":18}},"3":{"start":{"line":3,"column":8},"end":{"line":9,"column":9}},"4":{"start":{"line":4,"column":12},"end":{"line":4,"column":27}},"5":{"start":{"line":5,"column":15},"end":{"line":9,"column":9}},"6":{"start":{"line":6,"column":12},"end":{"line":6,"column":27}},"7":{"start":{"line":8,"column":12},"end":{"line":8,"column":20}},"8":{"start":{"line":11,"column":4},"end":{"line":11,"column":16}}},"fnMap":{"0":{"name":"(anonymous_0)","decl":{"start":{"line":1,"column":20},"end":{"line":1,"column":21}},"loc":{"start":{"line":1,"column":56},"end":{"line":12,"column":1}},"line":1}},"branchMap":{"0":{"loc":{"start":{"line":1,"column":33},"end":{"line":1,"column":42}},"type":"default-arg","locations":[{"start":{"line":1,"column":41},"end":{"line":1,"column":42}}],"line":1},"1":{"loc":{"start":{"line":1,"column":44},"end":{"line":1,"column":51}},"type":"default-arg","locations":[{"start":{"line":1,"column":50},"end":{"line":1,"column":51}}],"line":1},"2":{"loc":{"start":{"line":3,"column":8},"end":{"line":9,"column":9}},"type":"if","locations":[{"start":{"line":3,"column":8},"end":{"line":9,"column":9}},{"start":{"line":5,"column":15},"end":{"line":9,"column":9}}],"line":3},"3":{"loc":{"start":{"line":3,"column":13},"end":{"line":3,"column":46}},"type":"binary-expr","locations":[{"start":{"line":3,"column":13},"end":{"line":3,"column":28}},{"start":{"line":3,"column":32},"end":{"line":3,"column":46}}],"line":3},"4":{"loc":{"start":{"line":5,"column":15},"end":{"line":9,"column":9}},"type":"if","locations":[{"start":{"line":5,"column":15},"end":{"line":9,"column":9}},{"start":{"line":7,"column":15},"end":{"line":9,"column":9}}],"line":5},"5":{"loc":{"start":{"line":5,"column":19},"end":{"line":5,"column":43}},"type":"binary-expr","locations":[{"start":{"line":5,"column":19},"end":{"line":5,"column":30}},{"start":{"line":5,"column":34},"end":{"line":5,"column":43}}],"line":5}},"s":{"0":1,"1":4,"2":4,"3":16,"4":6,"5":10,"6":4,"7":6,"8":4},"f":{"0":4},"b":{"0":[1],"1":[2],"2":[6,10],"3":[16,11],"4":[4,6],"5":[10,4]},"_coverageSchema":"1a1c01bbd47fc00a2c39e90264f33305004495a9","hash":"21dd04f66abd24a7f3618397ef9ec53ff2037834"}
,"/home/yriidanilov/test/src/get.js": {"path":"/home/yriidanilov/test/src/get.js","statementMap":{"0":{"start":{"line":1,"column":19},"end":{"line":7,"column":1}},"1":{"start":{"line":2,"column":4},"end":{"line":6,"column":5}},"2":{"start":{"line":3,"column":8},"end":{"line":3,"column":26}},"3":{"start":{"line":5,"column":8},"end":{"line":5,"column":28}}},"fnMap":{"0":{"name":"(anonymous_0)","decl":{"start":{"line":1,"column":19},"end":{"line":1,"column":20}},"loc":{"start":{"line":1,"column":57},"end":{"line":7,"column":1}},"line":1}},"branchMap":{"0":{"loc":{"start":{"line":1,"column":33},"end":{"line":1,"column":52}},"type":"default-arg","locations":[{"start":{"line":1,"column":48},"end":{"line":1,"column":52}}],"line":1},"1":{"loc":{"start":{"line":2,"column":4},"end":{"line":6,"column":5}},"type":"if","locations":[{"start":{"line":2,"column":4},"end":{"line":6,"column":5}},{"start":{"line":4,"column":11},"end":{"line":6,"column":5}}],"line":2}},"s":{"0":1,"1":3,"2":1,"3":2},"f":{"0":3},"b":{"0":[2],"1":[1,2]},"_coverageSchema":"1a1c01bbd47fc00a2c39e90264f33305004495a9","hash":"0355bb74316c2ba58f6509c71fe6ac1deaec25de"}
,"/home/yriidanilov/test/src/indexOf.js": {"path":"/home/yriidanilov/test/src/indexOf.js","statementMap":{"0":{"start":{"line":1,"column":23},"end":{"line":11,"column":1}},"1":{"start":{"line":2,"column":4},"end":{"line":4,"column":5}},"2":{"start":{"line":3,"column":8},"end":{"line":3,"column":44}},"3":{"start":{"line":5,"column":4},"end":{"line":9,"column":5}},"4":{"start":{"line":5,"column":17},"end":{"line":5,"column":26}},"5":{"start":{"line":6,"column":8},"end":{"line":8,"column":9}},"6":{"start":{"line":7,"column":12},"end":{"line":7,"column":21}},"7":{"start":{"line":10,"column":4},"end":{"line":10,"column":15}}},"fnMap":{"0":{"name":"(anonymous_0)","decl":{"start":{"line":1,"column":23},"end":{"line":1,"column":24}},"loc":{"start":{"line":1,"column":55},"end":{"line":11,"column":1}},"line":1}},"branchMap":{"0":{"loc":{"start":{"line":1,"column":37},"end":{"line":1,"column":50}},"type":"default-arg","locations":[{"start":{"line":1,"column":49},"end":{"line":1,"column":50}}],"line":1},"1":{"loc":{"start":{"line":2,"column":4},"end":{"line":4,"column":5}},"type":"if","locations":[{"start":{"line":2,"column":4},"end":{"line":4,"column":5}},{"start":{},"end":{}}],"line":2},"2":{"loc":{"start":{"line":6,"column":8},"end":{"line":8,"column":9}},"type":"if","locations":[{"start":{"line":6,"column":8},"end":{"line":8,"column":9}},{"start":{},"end":{}}],"line":6}},"s":{"0":1,"1":4,"2":1,"3":4,"4":4,"5":11,"6":3,"7":1},"f":{"0":4},"b":{"0":[2],"1":[1,3],"2":[3,8]},"_coverageSchema":"1a1c01bbd47fc00a2c39e90264f33305004495a9","hash":"6d7c135c7f1f653469880ab4c0ceb44876ccbb6f"}
,"/home/yriidanilov/test/src/more.js": {"path":"/home/yriidanilov/test/src/more.js","statementMap":{"0":{"start":{"line":2,"column":4},"end":{"line":2,"column":31}}},"fnMap":{"0":{"name":"(anonymous_0)","decl":{"start":{"line":1,"column":15},"end":{"line":1,"column":16}},"loc":{"start":{"line":1,"column":25},"end":{"line":3,"column":1}},"line":1}},"branchMap":{"0":{"loc":{"start":{"line":2,"column":11},"end":{"line":2,"column":31}},"type":"cond-expr","locations":[{"start":{"line":2,"column":19},"end":{"line":2,"column":23}},{"start":{"line":2,"column":26},"end":{"line":2,"column":31}}],"line":2}},"s":{"0":3},"f":{"0":3},"b":{"0":[1,2]},"_coverageSchema":"1a1c01bbd47fc00a2c39e90264f33305004495a9","hash":"08afee5284439e90a63b72937dec29b731110715"}
,"/home/yriidanilov/test/src/reverse.js": {"path":"/home/yriidanilov/test/src/reverse.js","statementMap":{"0":{"start":{"line":2,"column":4},"end":{"line":2,"column":63}},"1":{"start":{"line":2,"column":47},"end":{"line":2,"column":57}}},"fnMap":{"0":{"name":"(anonymous_0)","decl":{"start":{"line":1,"column":15},"end":{"line":1,"column":16}},"loc":{"start":{"line":1,"column":22},"end":{"line":3,"column":1}},"line":1},"1":{"name":"(anonymous_1)","decl":{"start":{"line":2,"column":32},"end":{"line":2,"column":33}},"loc":{"start":{"line":2,"column":47},"end":{"line":2,"column":57}},"line":2}},"branchMap":{},"s":{"0":3,"1":6},"f":{"0":3,"1":6},"b":{},"_coverageSchema":"1a1c01bbd47fc00a2c39e90264f33305004495a9","hash":"5efa3cc4f4d3f95c2c33012077196aaf66b660c8"}
,"/home/yriidanilov/test/src/set.js": {"path":"/home/yriidanilov/test/src/set.js","statementMap":{"0":{"start":{"line":4,"column":4},"end":{"line":4,"column":35}}},"fnMap":{"0":{"name":"(anonymous_0)","decl":{"start":{"line":3,"column":15},"end":{"line":3,"column":16}},"loc":{"start":{"line":3,"column":37},"end":{"line":5,"column":1}},"line":3}},"branchMap":{},"s":{"0":3},"f":{"0":3},"b":{},"_coverageSchema":"1a1c01bbd47fc00a2c39e90264f33305004495a9","hash":"060ed15e069cc2db51692e08c0262603e195b450"}
,"/home/yriidanilov/test/src/slice.js": {"path":"/home/yriidanilov/test/src/slice.js","statementMap":{"0":{"start":{"line":2,"column":4},"end":{"line":4,"column":5}},"1":{"start":{"line":3,"column":8},"end":{"line":3,"column":36}},"2":{"start":{"line":5,"column":4},"end":{"line":7,"column":5}},"3":{"start":{"line":6,"column":8},"end":{"line":6,"column":32}},"4":{"start":{"line":8,"column":17},"end":{"line":8,"column":19}},"5":{"start":{"line":9,"column":4},"end":{"line":13,"column":5}},"6":{"start":{"line":9,"column":17},"end":{"line":9,"column":22}},"7":{"start":{"line":10,"column":8},"end":{"line":12,"column":9}},"8":{"start":{"line":11,"column":12},"end":{"line":11,"column":32}},"9":{"start":{"line":14,"column":4},"end":{"line":14,"column":18}}},"fnMap":{"0":{"name":"(anonymous_0)","decl":{"start":{"line":1,"column":15},"end":{"line":1,"column":16}},"loc":{"start":{"line":1,"column":55},"end":{"line":15,"column":1}},"line":1}},"branchMap":{"0":{"loc":{"start":{"line":1,"column":22},"end":{"line":1,"column":31}},"type":"default-arg","locations":[{"start":{"line":1,"column":30},"end":{"line":1,"column":31}}],"line":1},"1":{"loc":{"start":{"line":1,"column":33},"end":{"line":1,"column":50}},"type":"default-arg","locations":[{"start":{"line":1,"column":39},"end":{"line":1,"column":50}}],"line":1},"2":{"loc":{"start":{"line":2,"column":4},"end":{"line":4,"column":5}},"type":"if","locations":[{"start":{"line":2,"column":4},"end":{"line":4,"column":5}},{"start":{},"end":{}}],"line":2},"3":{"loc":{"start":{"line":5,"column":4},"end":{"line":7,"column":5}},"type":"if","locations":[{"start":{"line":5,"column":4},"end":{"line":7,"column":5}},{"start":{},"end":{}}],"line":5},"4":{"loc":{"start":{"line":10,"column":8},"end":{"line":12,"column":9}},"type":"if","locations":[{"start":{"line":10,"column":8},"end":{"line":12,"column":9}},{"start":{},"end":{}}],"line":10},"5":{"loc":{"start":{"line":10,"column":12},"end":{"line":10,"column":37}},"type":"binary-expr","locations":[{"start":{"line":10,"column":12},"end":{"line":10,"column":18}},{"start":{"line":10,"column":22},"end":{"line":10,"column":37}}],"line":10}},"s":{"0":5,"1":2,"2":5,"3":1,"4":5,"5":5,"6":5,"7":23,"8":17,"9":5},"f":{"0":5},"b":{"0":[1],"1":[2],"2":[2,3],"3":[1,4],"4":[17,6],"5":[23,20]},"_coverageSchema":"1a1c01bbd47fc00a2c39e90264f33305004495a9","hash":"ae44ebd0a066a5fd546c470b1ec692b9e232fe81"}
,"/home/yriidanilov/test/src/stack.js": {"path":"/home/yriidanilov/test/src/stack.js","statementMap":{"0":{"start":{"line":2,"column":18},"end":{"line":2,"column":20}},"1":{"start":{"line":3,"column":4},"end":{"line":10,"column":6}},"2":{"start":{"line":4,"column":23},"end":{"line":4,"column":41}},"3":{"start":{"line":5,"column":24},"end":{"line":5,"column":40}},"4":{"start":{"line":7,"column":12},"end":{"line":7,"column":70}},"5":{"start":{"line":7,"column":36},"end":{"line":7,"column":70}},"6":{"start":{"line":8,"column":12},"end":{"line":8,"column":31}}},"fnMap":{"0":{"name":"(anonymous_0)","decl":{"start":{"line":1,"column":15},"end":{"line":1,"column":16}},"loc":{"start":{"line":1,"column":21},"end":{"line":11,"column":1}},"line":1},"1":{"name":"(anonymous_1)","decl":{"start":{"line":4,"column":17},"end":{"line":4,"column":18}},"loc":{"start":{"line":4,"column":23},"end":{"line":4,"column":41}},"line":4},"2":{"name":"(anonymous_2)","decl":{"start":{"line":5,"column":14},"end":{"line":5,"column":15}},"loc":{"start":{"line":5,"column":24},"end":{"line":5,"column":40}},"line":5},"3":{"name":"(anonymous_3)","decl":{"start":{"line":6,"column":13},"end":{"line":6,"column":14}},"loc":{"start":{"line":6,"column":19},"end":{"line":9,"column":9}},"line":6}},"branchMap":{"0":{"loc":{"start":{"line":7,"column":12},"end":{"line":7,"column":70}},"type":"if","locations":[{"start":{"line":7,"column":12},"end":{"line":7,"column":70}},{"start":{},"end":{}}],"line":7}},"s":{"0":3,"1":3,"2":3,"3":3,"4":4,"5":1,"6":3},"f":{"0":3,"1":3,"2":3,"3":4},"b":{"0":[1,3]},"_coverageSchema":"1a1c01bbd47fc00a2c39e90264f33305004495a9","hash":"1d904bc9f266182741c596c09808f5cf3a36e0b2"}
,"/home/yriidanilov/test/src/without.js": {"path":"/home/yriidanilov/test/src/without.js","statementMap":{"0":{"start":{"line":4,"column":4},"end":{"line":4,"column":34}}},"fnMap":{"0":{"name":"(anonymous_0)","decl":{"start":{"line":3,"column":15},"end":{"line":3,"column":16}},"loc":{"start":{"line":3,"column":32},"end":{"line":5,"column":1}},"line":3}},"branchMap":{},"s":{"0":4},"f":{"0":4},"b":{},"_coverageSchema":"1a1c01bbd47fc00a2c39e90264f33305004495a9","hash":"7188034e1923310a2a27d59b50f33fd90ef4786c"}
}
