TN:
SF:src/bascket.js
FN:3,(anonymous_0)
FN:7,(anonymous_1)
FN:11,(anonymous_2)
FN:15,(anonymous_3)
FN:19,(anonymous_4)
FN:27,(anonymous_5)
FNF:6
FNH:6
FNDA:7,(anonymous_0)
FNDA:1,(anonymous_1)
FNDA:10,(anonymous_2)
FNDA:3,(anonymous_3)
FNDA:3,(anonymous_4)
FNDA:2,(anonymous_5)
DA:4,7
DA:8,1
DA:12,10
DA:16,3
DA:20,3
DA:21,3
DA:22,7
DA:24,3
DA:28,2
DA:29,2
DA:30,4
DA:32,2
LF:12
LH:12
BRF:0
BRH:0
end_of_record
TN:
SF:src/fill.js
FN:1,(anonymous_0)
FNF:1
FNH:1
FNDA:4,(anonymous_0)
DA:1,1
DA:2,4
DA:3,16
DA:4,6
DA:5,10
DA:6,4
DA:8,6
DA:11,4
LF:8
LH:8
BRDA:1,0,0,1
BRDA:1,1,0,2
BRDA:3,2,0,6
BRDA:3,2,1,10
BRDA:3,3,0,16
BRDA:3,3,1,11
BRDA:5,4,0,4
BRDA:5,4,1,6
BRDA:5,5,0,10
BRDA:5,5,1,4
BRF:10
BRH:10
end_of_record
TN:
SF:src/get.js
FN:1,(anonymous_0)
FNF:1
FNH:1
FNDA:3,(anonymous_0)
DA:1,1
DA:2,3
DA:3,1
DA:5,2
LF:4
LH:4
BRDA:1,0,0,2
BRDA:2,1,0,1
BRDA:2,1,1,2
BRF:3
BRH:3
end_of_record
TN:
SF:src/indexOf.js
FN:1,(anonymous_0)
FNF:1
FNH:1
FNDA:4,(anonymous_0)
DA:1,1
DA:2,4
DA:3,1
DA:5,4
DA:6,11
DA:7,3
DA:10,1
LF:7
LH:7
BRDA:1,0,0,2
BRDA:2,1,0,1
BRDA:2,1,1,3
BRDA:6,2,0,3
BRDA:6,2,1,8
BRF:5
BRH:5
end_of_record
TN:
SF:src/more.js
FN:1,(anonymous_0)
FNF:1
FNH:1
FNDA:3,(anonymous_0)
DA:2,3
LF:1
LH:1
BRDA:2,0,0,1
BRDA:2,0,1,2
BRF:2
BRH:2
end_of_record
TN:
SF:src/reverse.js
FN:1,(anonymous_0)
FN:2,(anonymous_1)
FNF:2
FNH:2
FNDA:3,(anonymous_0)
FNDA:6,(anonymous_1)
DA:2,6
LF:1
LH:1
BRF:0
BRH:0
end_of_record
TN:
SF:src/set.js
FN:3,(anonymous_0)
FNF:1
FNH:1
FNDA:3,(anonymous_0)
DA:4,3
LF:1
LH:1
BRF:0
BRH:0
end_of_record
TN:
SF:src/slice.js
FN:1,(anonymous_0)
FNF:1
FNH:1
FNDA:5,(anonymous_0)
DA:2,5
DA:3,2
DA:5,5
DA:6,1
DA:8,5
DA:9,5
DA:10,23
DA:11,17
DA:14,5
LF:9
LH:9
BRDA:1,0,0,1
BRDA:1,1,0,2
BRDA:2,2,0,2
BRDA:2,2,1,3
BRDA:5,3,0,1
BRDA:5,3,1,4
BRDA:10,4,0,17
BRDA:10,4,1,6
BRDA:10,5,0,23
BRDA:10,5,1,20
BRF:10
BRH:10
end_of_record
TN:
SF:src/stack.js
FN:1,(anonymous_0)
FN:4,(anonymous_1)
FN:5,(anonymous_2)
FN:6,(anonymous_3)
FNF:4
FNH:4
FNDA:3,(anonymous_0)
FNDA:3,(anonymous_1)
FNDA:3,(anonymous_2)
FNDA:4,(anonymous_3)
DA:2,3
DA:3,3
DA:4,3
DA:5,3
DA:7,4
DA:8,3
LF:6
LH:6
BRDA:7,0,0,1
BRDA:7,0,1,3
BRF:2
BRH:2
end_of_record
TN:
SF:src/without.js
FN:3,(anonymous_0)
FNF:1
FNH:1
FNDA:4,(anonymous_0)
DA:4,4
LF:1
LH:1
BRF:0
BRH:0
end_of_record
